
****************************************************************************************************
********** TIME STEP 0.100 **********
********** POLYNOMIAL ORDER 3 **********
********** NOISE LEVEL 0.050 **********
==================================================
RK4 Inspired Methods Sparse Identification
dx0'= 0.959 x1 + 0.103 x0^3 + 0.258 x0^2 x1 + 0.059 x1^3 
dx1'= -0.983 x0 + -0.087 x1 + -0.058 x0^2 + -0.065 x0 x1 + -0.095 x0^3 + -0.188 x0^2 x1 + -0.136 x0 x1^2 
==================================================
Sindy Approach
(x0)' = 0.990 x1 + 0.072 x0^3
(x1)' = 0.478 1 + -3.987 x0 + 0.196 x1 + -2.472 x0^2 + 0.198 x0 x1 + -1.107 x1^2 + 1.693 x0^3 + 0.671 x0 x1^2 + -0.516 x1^3
==================================================
****************************************************************************************************

****************************************************************************************************
********** TIME STEP 0.100 **********
********** POLYNOMIAL ORDER 2 **********
********** NOISE LEVEL 0.050 **********
==================================================
RK4 Inspired Methods Sparse Identification
dx0'= 0.996 x1 
dx1'= -1.010 x0 + -0.101 x1 + -0.077 x0 x1 
==================================================
Sindy Approach
(x0)' = 0.988 x1
(x1)' = 0.499 1 + -3.629 x0 + -2.855 x0^2 + 0.345 x0 x1 + -1.138 x1^2
==================================================
****************************************************************************************************

****************************************************************************************************
********** TIME STEP 0.500 **********
********** POLYNOMIAL ORDER 2 **********
********** NOISE LEVEL 0.050 **********
==================================================
RK4 Inspired Methods Sparse Identification
dx0'= 1.018 x1 + 0.064 x0^2 
dx1'= -0.961 x0 + -0.102 x1 
==================================================
Sindy Approach
(x0)' = 0.870 x1
(x1)' = 0.460 1 + -3.099 x0 + -2.646 x0^2 + 0.299 x0 x1 + -1.081 x1^2
==================================================
****************************************************************************************************

****************************************************************************************************
********** TIME STEP 0.500 **********
********** POLYNOMIAL ORDER 3 **********
********** NOISE LEVEL 0.050 **********
==================================================
RK4 Inspired Methods Sparse Identification
dx0'= 0.952 x1 + 0.074 x0 x1 + 0.214 x0^3 + 0.086 x0^2 x1 + -0.210 x0 x1^2 + 0.108 x1^3 
dx1'= -0.974 x0 + -0.104 x1 + -0.405 x0^3 + 0.297 x0 x1^2 
==================================================
Sindy Approach
(x0)' = 0.826 x1 + -0.135 x0^2 x1 + 0.082 x1^3
(x1)' = 0.416 1 + -3.339 x0 + 0.164 x1 + -2.137 x0^2 + 0.167 x0 x1 + -1.011 x1^2 + 1.161 x0^3 + 0.440 x0 x1^2 + -0.427 x1^3
==================================================
****************************************************************************************************

****************************************************************************************************
********** TIME STEP 0.500 **********
********** POLYNOMIAL ORDER 3 **********
********** NOISE LEVEL 0.050 **********
==================================================
RK4 Inspired Methods Sparse Identification
dx0'= 0.975 x1 + 0.079 x0 x1 + -0.353 x0^3 + 0.804 x0^2 x1 + 0.475 x0 x1^2 
dx1'= -0.938 x0 + -0.097 x0^2 + -0.157 x0^3 + 0.752 x0^2 x1 + -0.298 x0 x1^2 + -0.307 x1^3 
==================================================
Sindy Approach
(x0)' = 0.855 x1 + -0.179 x0^3 + 0.164 x0^2 x1 + 0.183 x0 x1^2
(x1)' = 0.397 1 + -3.313 x0 + 0.146 x1 + -1.939 x0^2 + 0.311 x0 x1 + -0.933 x1^2 + 1.336 x0^3 + 0.706 x0^2 x1 + 0.483 x0 x1^2 + -0.421 x1^3
==================================================
****************************************************************************************************

****************************************************************************************************
********** TIME STEP 1.000 **********
********** POLYNOMIAL ORDER 3 **********
********** NOISE LEVEL 0.050 **********
==================================================
RK4 Inspired Methods Sparse Identification
dx0'= 1.001 x1 + 0.403 x0^3 + 0.240 x0^2 x1 + -0.330 x0 x1^2 + 0.062 x1^3 
dx1'= -0.886 x0 + -0.117 x1 + -0.058 x0^2 + -0.404 x0^3 
==================================================
Sindy Approach
(x0)' = 0.178 1 + 0.404 x0 + 0.455 x1 + -1.416 x0^2 + -0.158 x0 x1 + -0.353 x1^2 + -2.359 x0^3 + -1.164 x0 x1^2 + 0.026 x1^3
(x1)' = 0.179 1 + -1.847 x0 + 0.151 x1 + -1.274 x0^2 + 0.493 x0 x1 + -0.391 x1^2 + 0.700 x0^2 x1 + -0.151 x0 x1^2 + -0.320 x1^3
==================================================
****************************************************************************************************

****************************************************************************************************
********** TIME STEP 1.000 **********
********** POLYNOMIAL ORDER 2 **********
********** NOISE LEVEL 0.050 **********
==================================================
RK4 Inspired Methods Sparse Identification
dx0'= 1.057 x1 
dx1'= -0.928 x0 + -0.117 x1 + -0.140 x0 x1 
==================================================
Sindy Approach
(x0)' = 0.121 1 + -0.070 x0 + 0.483 x1 + -0.580 x0^2 + -0.098 x0 x1 + -0.254 x1^2
(x1)' = 0.177 1 + -1.775 x0 + 0.056 x1 + -1.238 x0^2 + 0.495 x0 x1 + -0.390 x1^2
==================================================
****************************************************************************************************

****************************************************************************************************
********** TIME STEP 0.100 **********
********** POLYNOMIAL ORDER 2 **********
********** NOISE LEVEL 0.010 **********
==================================================
RK4 Inspired Methods Sparse Identification
dx0'= 1.001 x1 
dx1'= -0.999 x0 + -0.100 x1 
==================================================
****************************************************************************************************

****************************************************************************************************
********** TIME STEP 0.100 **********
********** POLYNOMIAL ORDER 3 **********
********** NOISE LEVEL 0.010 **********
==================================================
RK4 Inspired Methods Sparse Identification
dx0'= 0.968 x1 + 0.213 x0^2 x1 + 0.056 x1^3 
dx1'= -0.989 x0 + -0.101 x1 + -0.078 x0^3 
==================================================
****************************************************************************************************

****************************************************************************************************
********** TIME STEP 0.500 **********
********** POLYNOMIAL ORDER 2 **********
********** NOISE LEVEL 0.010 **********
==================================================
RK4 Inspired Methods Sparse Identification
dx0'= 1.004 x1 
dx1'= -0.999 x0 + -0.098 x1 
==================================================
****************************************************************************************************

****************************************************************************************************
********** TIME STEP 1.000 **********
********** POLYNOMIAL ORDER 2 **********
********** NOISE LEVEL 0.010 **********
==================================================
RK4 Inspired Methods Sparse Identification
dx0'= 1.039 x1 
dx1'= -0.958 x0 + -0.109 x1 
==================================================
****************************************************************************************************

****************************************************************************************************
********** TIME STEP 2.000 **********
********** POLYNOMIAL ORDER 2 **********
********** NOISE LEVEL 0.010 **********
==================================================
RK4 Inspired Methods Sparse Identification
dx0'= 0.323 1 + 0.437 x1 + -1.412 x0^2 + -0.342 x0 x1 + -0.151 x1^2 
dx1'= -0.123 1 + -0.545 x0 + -0.129 x1 + 1.025 x0^2 
==================================================
****************************************************************************************************


****************************************************************************************************
********** TIME STEP 0.100 **********
********** POLYNOMIAL ORDER 2 **********
********** NOISE LEVEL 0.010 **********
==================================================
RK4 Inspired Methods Sparse Identification
dx0'= 1.000 x1 
dx1'= -1.003 x0 + -0.101 x1 
==================================================
****************************************************************************************************


==================================================
RK4 Inspired Methods Sparse Identification
dx0'= 1.000 x1 
dx1'= -1.003 x0 + -0.101 x1 
==================================================
****************************************************************************************************
