
****************************************************************************************************
********** TIME STEP 0.100 **********
********** POLYNOMIAL ORDER 2 **********
********** NOISE LEVEL 0.050 **********
********** FRICTION TO FORCE RATIO 0.50 **********
********** FORCING FREQUENCY 1.20 **********
==================================================
RK4 Inspired Methods Sparse Identification
dx0'= 1.019 x1 
dx1'= -3.702 x0 + 1.308 x1 + 0.762 x0^2 + -0.261 x0 x1 + 0.178 x1^2 
==================================================
****************************************************************************************************

****************************************************************************************************
********** TIME STEP 0.100 **********
********** POLYNOMIAL ORDER 2 **********
********** NOISE LEVEL 0.050 **********
********** FRICTION TO FORCE RATIO 0.20 **********
********** FORCING FREQUENCY 1.20 **********
==================================================
RK4 Inspired Methods Sparse Identification
dx0'= 1.006 x1 
dx1'= -0.142 1 + -3.410 x0 + 0.315 x1 + 1.555 x0^2 + 0.584 x0 x1 + 0.281 x1^2 
==================================================
****************************************************************************************************

****************************************************************************************************
********** TIME STEP 0.100 **********
********** POLYNOMIAL ORDER 2 **********
********** NOISE LEVEL 0.010 **********
********** FRICTION TO FORCE RATIO 0.20 **********
********** FORCING FREQUENCY 1.20 **********
==================================================
RK4 Inspired Methods Sparse Identification
dx0'= 1.008 x1 
dx1'= -0.141 1 + -3.408 x0 + 0.320 x1 + 1.528 x0^2 + 0.629 x0 x1 + 0.292 x1^2 
==================================================
****************************************************************************************************

****************************************************************************************************
********** TIME STEP 0.100 **********
********** POLYNOMIAL ORDER 2 **********
********** NOISE LEVEL 0.010 **********
********** FRICTION TO FORCE RATIO 0.50 **********
********** FORCING FREQUENCY 2.00 **********
==================================================
RK4 Inspired Methods Sparse Identification
dx0'= 0.999 x1 
dx1'= -0.990 x0 + -0.098 x1 + 0.115 x0^2 
==================================================
****************************************************************************************************

****************************************************************************************************
********** TIME STEP 0.100 **********
********** POLYNOMIAL ORDER 2 **********
********** NOISE LEVEL 0.010 **********
********** FRICTION TO FORCE RATIO 0.20 **********
********** FORCING FREQUENCY 2.00 **********
==================================================
RK4 Inspired Methods Sparse Identification
dx0'= 1.001 x1 
dx1'= -0.907 x0 + -0.099 x1 
==================================================
****************************************************************************************************

****************************************************************************************************
********** TIME STEP 0.100 **********
********** POLYNOMIAL ORDER 2 **********
********** NOISE LEVEL 0.010 **********
********** FRICTION TO FORCE RATIO 0.50 **********
********** FORCING FREQUENCY 2.00 **********
==================================================
RK4 Inspired Methods Sparse Identification
dx0'= 1.000 x1 
dx1'= -0.986 x0 + -0.098 x1 
==================================================
****************************************************************************************************

****************************************************************************************************
********** TIME STEP 0.100 **********
********** POLYNOMIAL ORDER 2 **********
********** NOISE LEVEL 0.010 **********
********** FRICTION TO FORCE RATIO 0.50 **********
********** FORCING FREQUENCY 1.20 **********
==================================================
RK4 Inspired Methods Sparse Identification
dx0'= 1.000 x1 
dx1'= -1.000 x0 + -0.101 x1 
==================================================
****************************************************************************************************

****************************************************************************************************
********** TIME STEP 0.100 **********
********** POLYNOMIAL ORDER 2 **********
********** NOISE LEVEL 0.050 **********
********** FRICTION TO FORCE RATIO 0.50 **********
********** FORCING FREQUENCY 1.20 **********
==================================================
RK4 Inspired Methods Sparse Identification
dx0'= 0.998 x1 
dx1'= -1.004 x0 + -0.094 x1 
==================================================
****************************************************************************************************

****************************************************************************************************
********** TIME STEP 0.100 **********
********** POLYNOMIAL ORDER 2 **********
********** NOISE LEVEL 0.100 **********
********** FRICTION TO FORCE RATIO 0.50 **********
********** FORCING FREQUENCY 1.20 **********
==================================================
RK4 Inspired Methods Sparse Identification
dx0'= 0.979 x1 
dx1'= -1.016 x0 + -0.092 x1 
==================================================
****************************************************************************************************

****************************************************************************************************
********** TIME STEP 0.100 **********
********** POLYNOMIAL ORDER 2 **********
********** NOISE LEVEL 0.500 **********
********** FRICTION TO FORCE RATIO 0.50 **********
********** FORCING FREQUENCY 1.20 **********
==================================================
RK4 Inspired Methods Sparse Identification
dx0'= 0.932 x1 + 0.103 x0 x1 
dx1'= 0.114 1 + -1.082 x0 + -0.154 x0^2 
==================================================
****************************************************************************************************

****************************************************************************************************
********** TIME STEP 0.100 **********
********** POLYNOMIAL ORDER 2 **********
********** NOISE LEVEL 0.010 **********
********** FRICTION TO FORCE RATIO 0.20 **********
********** FORCING FREQUENCY 1.20 **********
==================================================
RK4 Inspired Methods Sparse Identification
dx0'= 0.999 x1 
dx1'= -0.988 x0 + -0.099 x1 
==================================================
****************************************************************************************************

****************************************************************************************************
********** TIME STEP 0.100 **********
********** POLYNOMIAL ORDER 2 **********
********** NOISE LEVEL 0.050 **********
********** FRICTION TO FORCE RATIO 0.20 **********
********** FORCING FREQUENCY 1.20 **********
==================================================
RK4 Inspired Methods Sparse Identification
dx0'= 1.000 x1 
dx1'= -0.988 x0 + -0.098 x1 
==================================================
****************************************************************************************************

****************************************************************************************************
********** TIME STEP 0.100 **********
********** POLYNOMIAL ORDER 2 **********
********** NOISE LEVEL 0.100 **********
********** FRICTION TO FORCE RATIO 0.20 **********
********** FORCING FREQUENCY 1.20 **********
==================================================
RK4 Inspired Methods Sparse Identification
dx0'= 1.005 x1 
dx1'= -0.978 x0 + -0.102 x1 
==================================================
****************************************************************************************************

****************************************************************************************************
********** TIME STEP 0.100 **********
********** POLYNOMIAL ORDER 2 **********
********** NOISE LEVEL 0.500 **********
********** FRICTION TO FORCE RATIO 0.20 **********
********** FORCING FREQUENCY 1.20 **********
==================================================
RK4 Inspired Methods Sparse Identification
dx0'= 0.826 x1 + 0.060 x0 x1 
dx1'= 0.179 1 + -0.829 x0 + -0.063 x1 + -0.056 x0^2 + -0.063 x0 x1 
==================================================
****************************************************************************************************

****************************************************************************************************
********** TIME STEP 0.100 **********
********** POLYNOMIAL ORDER 2 **********
********** NOISE LEVEL 0.200 **********
********** FRICTION TO FORCE RATIO 0.20 **********
********** FORCING FREQUENCY 1.20 **********
==================================================
RK4 Inspired Methods Sparse Identification
dx0'= 1.017 x1 
dx1'= -0.992 x0 + -0.102 x1 
==================================================
****************************************************************************************************

****************************************************************************************************
********** TIME STEP 0.100 ********** NON UNIFORMLY COLLECTED
********** POLYNOMIAL ORDER 2 **********
********** NOISE LEVEL 0.100 **********
********** FRICTION TO FORCE RATIO 0.20 **********
********** FORCING FREQUENCY 1.20 **********
==================================================
RK4 Inspired Methods Sparse Identification
dx0'= 0.990 x1 
dx1'= -1.011 x0 + -0.149 x1 
==================================================
****************************************************************************************************

****************************************************************************************************
********** TIME STEP 0.100 **********
********** POLYNOMIAL ORDER 2 **********
********** NOISE LEVEL 0.050 **********
********** FRICTION TO FORCE RATIO 0.20 **********
********** FORCING FREQUENCY 1.20 **********
==================================================
RK4 Inspired Methods Sparse Identification
dx0'= 0.985 x1 
dx1'= -0.922 x0 + -0.146 x1 
==================================================
****************************************************************************************************

****************************************************************************************************
********** TIME STEP 0.100 **********
********** POLYNOMIAL ORDER 2 **********
********** NOISE LEVEL 0.050 **********
********** FRICTION TO FORCE RATIO 0.50 **********
********** FORCING FREQUENCY 1.20 **********
==================================================
RK4 Inspired Methods Sparse Identification
dx0'= 0.745 x1 + 0.172 x0 x1 
dx1'= -0.991 x0 + -0.115 x0^2 + -0.151 x0 x1 
==================================================
****************************************************************************************************
