
****************************************************************************************************
********** TIME STEP 0.100 **********
********** POLYNOMIAL ORDER 2 **********
********** NOISE LEVEL 0.010 **********
==================================================
RK4 Inspired Methods Sparse Identification
dx0'= 1.002 x1 
dx1'= -0.999 x0 + -0.099 x1 
==================================================
****************************************************************************************************

****************************************************************************************************
********** TIME STEP 0.100 **********
********** POLYNOMIAL ORDER 2 **********
********** NOISE LEVEL 0.050 **********
==================================================
RK4 Inspired Methods Sparse Identification
dx0'= 0.999 x1 + 0.134 x0^2 + 0.061 x0 x1 + -0.147 x1^2 
dx1'= -1.005 x0 + -0.103 x1 + -0.124 x0 x1 
==================================================
****************************************************************************************************

****************************************************************************************************
********** TIME STEP 0.100 **********
********** POLYNOMIAL ORDER 2 **********
********** NOISE LEVEL 0.100 **********
==================================================
RK4 Inspired Methods Sparse Identification
dx0'= 1.009 x1 + -0.237 x0^2 + 0.188 x0 x1 + 0.660 x1^2 
dx1'= -1.005 x0 + -0.097 x1 + 0.657 x0 x1 
==================================================
****************************************************************************************************

****************************************************************************************************
********** TIME STEP 1.500 **********
********** POLYNOMIAL ORDER 2 **********
********** NOISE LEVEL 0.010 **********
==================================================
RK4 Inspired Methods Sparse Identification
dx0'= 1.003 x1 + -0.156 x0 x1 + -0.071 x1^2 
dx1'= -1.005 x0 + -0.109 x1 
==================================================
****************************************************************************************************

****************************************************************************************************
********** TIME STEP 0.100 **********
********** POLYNOMIAL ORDER 2 **********
********** NOISE LEVEL 0.200 **********
==================================================
RK4 Inspired Methods Sparse Identification
dx0'= 0.972 x1 + -0.109 x0^2 + -1.258 x0 x1 + -0.202 x1^2 
dx1'= -1.067 x0 + -0.118 x1 + -0.249 x0 x1 + -0.411 x1^2 
==================================================
****************************************************************************************************

****************************************************************************************************
********** TIME STEP 0.100 **********
********** POLYNOMIAL ORDER 2 **********
********** NOISE LEVEL 0.100 **********
==================================================
RK4 Inspired Methods Sparse Identification
dx0'= 1.014 x1 + 0.916 x0 x1 + 0.295 x1^2 
dx1'= -0.997 x0 + -0.097 x1 + 0.195 x0^2 + -0.073 x0 x1 + -0.198 x1^2 
==================================================
****************************************************************************************************

****************************************************************************************************
********** TIME STEP 0.100 **********
********** POLYNOMIAL ORDER 2 **********
********** NOISE LEVEL 0.050 **********
==================================================
RK4 Inspired Methods Sparse Identification
dx0'= 1.006 x1 + 0.193 x0 x1 + 0.105 x1^2 
dx1'= -1.005 x0 + -0.096 x1 + -0.063 x1^2 
==================================================
****************************************************************************************************

****************************************************************************************************
********** TIME STEP 1.000 **********
********** POLYNOMIAL ORDER 2 **********
********** NOISE LEVEL 0.100 **********
********** FRICTION TO FORCE RATIO 0.20 **********
********** FORCING FREQUENCY 1.20 **********
==================================================
RK4 Inspired Methods Sparse Identification
dx0'= 1.015 x1 
dx1'= -0.982 x0 + -0.101 x1 
==================================================
****************************************************************************************************

****************************************************************************************************
********** TIME STEP 0.100 ********** NON UNIFORMLY COLLECTED
********** POLYNOMIAL ORDER 2 **********
********** NOISE LEVEL 0.100 **********
==================================================
RK4 Inspired Methods Sparse Identification
dx0'= 0.989 x1 + 0.391 x0^2 + 0.505 x0 x1 + -1.404 x1^2 
dx1'= -0.972 x0 + -0.100 x1 + -0.345 x0^2 + -1.243 x0 x1 + 0.738 x1^2 
==================================================
****************************************************************************************************
