
****************************************************************************************************
********** TIME STEP 0.100 **********
********** POLYNOMIAL ORDER 2 **********
********** NOISE LEVEL 0.010 **********
==================================================
RK4 Inspired Methods Sparse Identification
dx0'= 1.000 x1 
dx1'= -1.003 x0 + -0.101 x1 
==================================================
****************************************************************************************************

****************************************************************************************************
********** TIME STEP 0.100 **********
********** POLYNOMIAL ORDER 2 **********
********** NOISE LEVEL 0.010 **********
==================================================
RK4 Inspired Methods Sparse Identification
dx0'= 1.000 x1 
dx1'= -1.001 x0 + -0.101 x1 
==================================================
****************************************************************************************************

****************************************************************************************************
********** TIME STEP 0.100 **********
********** POLYNOMIAL ORDER 2 **********
********** NOISE LEVEL 0.010 **********
==================================================
RK4 Inspired Methods Sparse Identification
dx0'= 0.999 x1 
dx1'= -0.993 x0 + -0.099 x1 + 0.115 x0^2 
==================================================
****************************************************************************************************

****************************************************************************************************
********** TIME STEP 0.100 **********
********** POLYNOMIAL ORDER 2 **********
********** NOISE LEVEL 0.010 **********
********** FORCING FREQUENCY 1.20 **********
==================================================
RK4 Inspired Methods Sparse Identification
dx0'= 1.000 x1 
dx1'= -1.000 x0 + -0.099 x1 
==================================================
****************************************************************************************************

****************************************************************************************************
********** TIME STEP 0.100 **********
********** POLYNOMIAL ORDER 2 **********
********** NOISE LEVEL 0.050 **********
********** FORCING FREQUENCY 1.20 **********
==================================================
RK4 Inspired Methods Sparse Identification
dx0'= 0.995 x1 
dx1'= -1.007 x0 + -0.100 x1 
==================================================
****************************************************************************************************

****************************************************************************************************
********** TIME STEP 0.100 **********
********** POLYNOMIAL ORDER 2 **********
********** NOISE LEVEL 0.100 **********
********** FORCING FREQUENCY 1.20 **********
==================================================
RK4 Inspired Methods Sparse Identification
dx0'= 0.973 x1 
dx1'= -1.023 x0 + -0.100 x1 
==================================================
****************************************************************************************************

****************************************************************************************************
********** TIME STEP 0.100 **********
********** POLYNOMIAL ORDER 2 **********
********** NOISE LEVEL 0.500 **********
********** FORCING FREQUENCY 1.20 **********
==================================================
RK4 Inspired Methods Sparse Identification
dx0'= -0.177 1 + 0.904 x1 + -0.068 x0 x1 + 0.063 x1^2 
dx1'= -1.073 x0 + -0.060 x1 + -0.194 x0 x1 
==================================================
****************************************************************************************************

****************************************************************************************************
********** TIME STEP 0.010 **********
********** POLYNOMIAL ORDER 2 **********
********** NOISE LEVEL 0.500 **********
********** FORCING FREQUENCY 1.20 **********
==================================================
RK4 Inspired Methods Sparse Identification
dx0'= 0.992 1 + 0.936 x1 + -0.060 x0^2 + 0.307 x0 x1 + -0.186 x1^2 
dx1'= 0.713 1 + -0.951 x0 + -0.082 x1 + -0.233 x0^2 + 0.342 x0 x1 
==================================================
****************************************************************************************************

****************************************************************************************************
********** TIME STEP 0.100 **********
********** POLYNOMIAL ORDER 2 **********
********** NOISE LEVEL 0.050 **********
********** FORCING FREQUENCY 1.20 **********
==================================================
RK4 Inspired Methods Sparse Identification
dx0'= 1.004 x1 
dx1'= -0.997 x0 + -0.098 x1 
==================================================
****************************************************************************************************
==================================================
RK4 Inspired Methods Sparse Identification
dx0'= 1.019 x1 
dx1'= -3.702 x0 + 1.308 x1 + 0.762 x0^2 + -0.261 x0 x1 + 0.178 x1^2 
==================================================
****************************************************************************************************

****************************************************************************************************
********** TIME STEP 0.100 ********** NON UNIFORMLY COLLECTED
********** POLYNOMIAL ORDER 2 **********
********** NOISE LEVEL 0.050 **********
********** FORCING FREQUENCY 1.20 **********
==================================================
RK4 Inspired Methods Sparse Identification
dx0'= 0.979 x1 
dx1'= -0.928 x0 + -0.127 x1 
==================================================
****************************************************************************************************

****************************************************************************************************
********** TIME STEP 0.500 ********** NON UNIFORMLY COLLECTED
********** POLYNOMIAL ORDER 2 **********
********** NOISE LEVEL 0.050 **********
********** FORCING FREQUENCY 1.20 **********
==================================================
RK4 Inspired Methods Sparse Identification
dx0'= 0.918 x1 
dx1'= 0.072 1 + -0.880 x0 + -0.100 x1 
==================================================
****************************************************************************************************

****************************************************************************************************
********** TIME STEP 0.100 ********** NON UNIFORMLY COLLECTED
********** POLYNOMIAL ORDER 2 **********
********** NOISE LEVEL 0.050 **********
********** FORCING FREQUENCY 1.20 **********
==================================================
RK4 Inspired Methods Sparse Identification
dx0'= 0.979 x1 
dx1'= -0.959 x0 + -0.122 x1 
==================================================
****************************************************************************************************
