****************************************************************************************************
********** DATA COLLECTED AT TIME STEPPING 0.100 **********
********** POLYNOMIAL ORDER 3 **********
********** NOISE LEVEL 0.010 **********


==================================================
RK4 Inspired Methods Sparse Identification
dx0'= 0.999 x1 
dx1'= -1.001 x0 + -0.101 x1 
==================================================
Sindy Approach
(x0)' = 0.997 x1
(x1)' = -1.000 x0 + -0.100 x1
==================================================

****************************************************************************************************
********** DATA COLLECTED AT TIME STEPPING 0.100 **********
********** POLYNOMIAL ORDER 2 **********
********** NOISE LEVEL 0.100 **********


==================================================
RK4 Inspired Methods Sparse Identification
dx0'= 0.977 x1 + -0.111 x0^2 + -0.069 x0 x1 + 0.063 x1^2 
dx1'= -1.015 x0 + -0.100 x1 
==================================================
Sindy Approach
(x0)' = 0.963 x1 + -0.155 x0^2 + -0.081 x0 x1 + 0.074 x1^2
(x1)' = -1.000 x0 + -0.099 x1
==================================================

****************************************************************************************************
********** DATA COLLECTED AT TIME STEPPING 0.010 **********
********** POLYNOMIAL ORDER 2 **********
********** NOISE LEVEL 0.100 **********


==================================================
RK4 Inspired Methods Sparse Identification
dx0'= 0.999 x1 + 0.082 x0 x1 
dx1'= -1.007 x0 + -0.102 x1 + -0.057 x0^2 
==================================================
Sindy Approach
(x0)' = 0.996 x1 + 0.078 x0^2 + 0.120 x0 x1
(x1)' = -1.002 x0 + -0.103 x1 + -0.065 x0^2
==================================================

****************************************************************************************************
********** DATA COLLECTED AT TIME STEPPING 0.010 **********
********** POLYNOMIAL ORDER 1 **********
********** NOISE LEVEL 0.100 **********


==================================================
RK4 Inspired Methods Sparse Identification
dx0'= 1.001 x1 
dx1'= -1.002 x0 + -0.098 x1 
==================================================
Sindy Approach
(x0)' = 0.992 x1
(x1)' = -0.989 x0 + -0.097 x1
==================================================

****************************************************************************************************
********** DATA COLLECTED AT TIME STEPPING 0.010 **********
********** POLYNOMIAL ORDER 1 **********
********** NOISE LEVEL 0.500 **********


==================================================
RK4 Inspired Methods Sparse Identification
dx0'= -0.063 x0 + 0.843 x1 
dx1'= -0.823 x0 + -0.058 x1 
==================================================
Sindy Approach
(x0)' = -0.210 x0 + 0.654 x1
(x1)' = -0.670 x0 + -0.056 x1
==================================================

****************************************************************************************************
********** DATA COLLECTED AT TIME STEPPING 0.010 **********
********** POLYNOMIAL ORDER 1 **********
********** NOISE LEVEL 0.100 **********
