
****************************************************************************************************
********** TIME STEP 0.100 **********
********** POLYNOMIAL ORDER 2 **********
********** NOISE LEVEL 0.010 **********
==================================================
RK4 Inspired Methods Sparse Identification
dx0'= 0.999 x1 + -0.095 x0 x1 
dx1'= -1.001 x0 + -0.100 x1 
==================================================
****************************************************************************************************

****************************************************************************************************
********** TIME STEP 0.500 **********
********** POLYNOMIAL ORDER 2 **********
********** NOISE LEVEL 0.010 **********
==================================================
RK4 Inspired Methods Sparse Identification
dx0'= 0.998 x1 
dx1'= -1.002 x0 + -0.101 x1 
==================================================
****************************************************************************************************

****************************************************************************************************
********** TIME STEP 1.000 **********
********** POLYNOMIAL ORDER 2 **********
********** NOISE LEVEL 0.010 **********
==================================================
RK4 Inspired Methods Sparse Identification
dx0'= 1.010 x1 + -0.073 x0 x1 
dx1'= -1.001 x0 + -0.101 x1 
==================================================
****************************************************************************************************
