****************************************************************************************************
********** DATA COLLECTED AT TIME STEPPING 0.010 **********
********** POLYNOMIAL ORDER 5 **********


==================================================
RK4 Inspired Methods Sparse Identification
dx0'= 0.980 x1 + 0.090 x0^2 x1 + 0.103 x1^3 + 0.087 x0^2 x1^2 + -0.096 x0^4 x1 + 0.059 x0^3 x1^2 + -0.111 x1^5 
dx1'= -0.976 x0 + -0.098 x1 + -0.109 x0^3 + -0.108 x0 x1^2 + -0.076 x0^3 x1 + -0.100 x0^2 x1^2 + -0.051 x0 x1^3 + 0.097 x0^5 + -0.109 x0^2 x1^3 + 0.118 x0 x1^4 
==================================================
Sindy Approach
(x0)' = 1.000 x1
(x1)' = -1.000 x0 + -0.100 x1
==================================================

****************************************************************************************************
********** DATA COLLECTED AT TIME STEPPING 0.100 **********
********** POLYNOMIAL ORDER 5 **********


==================================================
RK4 Inspired Methods Sparse Identification
dx0'= 0.990 x1 + 0.091 x1^3 + -0.107 x1^5 
dx1'= -0.992 x0 + -0.098 x1 + -0.063 x0^3 + 0.064 x0^5 
==================================================
Sindy Approach
(x0)' = 0.999 x1
(x1)' = -0.999 x0 + -0.100 x1
==================================================

****************************************************************************************************
********** DATA COLLECTED AT TIME STEPPING 0.100 **********
********** POLYNOMIAL ORDER 3 **********


==================================================
RK4 Inspired Methods Sparse Identification
dx0'= 1.000 x1 
dx1'= -1.000 x0 + -0.100 x1 
==================================================
Sindy Approach
(x0)' = 0.999 x1
(x1)' = -0.999 x0 + -0.100 x1
==================================================

