****************************************************************************************************
********** TIME STEP 0.010 **********
********** POLYNOMIAL ORDER 5 **********
********** NOISE LEVEL 0.010 **********
==================================================
RK4 Inspired Methods Sparse Identification
dx0'= 0.980 x1 + 0.098 x0^2 x1 + 0.106 x1^3 + 0.095 x0^2 x1^2 + 0.053 x0 x1^3 + -0.132 x0^4 x1 + 0.058 x0 x1^4 + -0.111 x1^5 
dx1'= -0.979 x0 + -0.108 x1 + 0.051 x0 x1 + -0.096 x0^3 + -0.087 x0 x1^2 + 0.055 x1^3 + -0.094 x0^3 x1 + -0.065 x0 x1^3 + 0.090 x0^5 + 0.117 x0 x1^4 + -0.059 x1^5 
==================================================
Sindy Approach
(x0)' = 1.000 x1
(x1)' = -0.999 x0 + -0.100 x1
==================================================
****************************************************************************************************

****************************************************************************************************
********** TIME STEP 0.010 **********
********** POLYNOMIAL ORDER 3 **********
********** NOISE LEVEL 0.010 **********
==================================================
RK4 Inspired Methods Sparse Identification
dx0'= 1.000 x1 
dx1'= -1.001 x0 + -0.100 x1 
==================================================
Sindy Approach
(x0)' = 1.000 x1
(x1)' = -1.000 x0 + -0.100 x1
==================================================
****************************************************************************************************

****************************************************************************************************
********** TIME STEP 0.010 **********
********** POLYNOMIAL ORDER 2 **********
********** NOISE LEVEL 0.010 **********
==================================================
RK4 Inspired Methods Sparse Identification
dx0'= 1.000 x1 
dx1'= -1.001 x0 + -0.100 x1 
==================================================
Sindy Approach
(x0)' = 1.000 x1
(x1)' = -1.001 x0 + -0.100 x1
==================================================
****************************************************************************************************

****************************************************************************************************
********** TIME STEP 0.010 **********
********** POLYNOMIAL ORDER 5 **********
********** NOISE LEVEL 0.100 **********
==================================================
RK4 Inspired Methods Sparse Identification
dx0'= -0.154 x0 + 1.045 x1 + -0.178 x0^2 + 0.194 x0 x1 + 0.517 x1^2 + 1.474 x0^3 + 0.137 x0^2 x1 + -0.903 x0 x1^2 + -0.279 x1^3 + 0.447 x0^4 + 0.112 x0^3 x1 + -0.412 x0^2 x1^2 + -0.830 x0 x1^3 + -0.977 x1^4 + -1.182 x0^5 + 0.584 x0^4 x1 + -1.072 x0^3 x1^2 + -0.888 x0^2 x1^3 + 1.308 x0 x1^4 + 0.096 x1^5 
dx1'= -1.017 x0 + -0.124 x1 + 0.061 x0^2 + 0.172 x0^3 + 0.113 x0^2 x1 + -0.167 x0 x1^2 + 0.069 x1^3 + -0.057 x0^4 + -0.071 x0^3 x1 + 0.226 x0^2 x1^2 + 0.465 x0 x1^3 + -0.155 x0^5 + 0.470 x0^4 x1 + 0.795 x0^3 x1^2 + -0.540 x0^2 x1^3 
==================================================
Sindy Approach
(x0)' = -0.249 x0 + 1.078 x1 + 0.355 x0 x1 + 0.564 x1^2 + 2.389 x0^3 + 1.397 x0^2 x1 + -0.765 x0 x1^2 + -0.582 x1^3 + 0.383 x0^4 + -0.339 x0^3 x1 + -1.767 x0^2 x1^2 + -1.115 x0 x1^3 + -0.961 x1^4 + -2.140 x0^5 + -1.037 x0^4 x1 + -3.185 x0^3 x1^2 + -3.894 x0^2 x1^3 + 1.367 x0 x1^4 + 0.496 x1^5
(x1)' = -0.998 x0 + -0.105 x1 + -0.260 x0 x1 + 0.029 x0^3 + -0.404 x0^2 x1 + -1.292 x0 x1^2 + 0.582 x0^3 x1 + 0.718 x0^2 x1^2 + 0.933 x0 x1^3 + -0.060 x1^4 + 1.179 x0^4 x1 + 3.794 x0^3 x1^2 + 0.916 x0^2 x1^3 + 1.248 x0 x1^4
==================================================
****************************************************************************************************

****************************************************************************************************
********** TIME STEP 0.010 **********
********** POLYNOMIAL ORDER 3 **********
********** NOISE LEVEL 0.100 **********
==================================================
RK4 Inspired Methods Sparse Identification
dx0'= -0.073 x0 + 0.935 x1 + 0.175 x0^3 + 0.551 x0^2 x1 + 0.203 x0 x1^2 + 0.059 x1^3 
dx1'= -0.889 x0 + -0.073 x1 + -0.060 x0 x1 + -0.189 x0^3 + -0.110 x0^2 x1 + -0.452 x0 x1^2 + -0.062 x1^3 
==================================================
Sindy Approach
(x0)' = -0.067 x0 + 0.969 x1 + 0.149 x0^3 + 0.348 x0^2 x1 + 0.169 x0 x1^2
(x1)' = -0.930 x0 + -0.073 x1 + -0.113 x0^3 + -0.077 x0^2 x1 + -0.253 x0 x1^2 + -0.062 x1^3
==================================================
****************************************************************************************************

****************************************************************************************************
********** TIME STEP 0.010 **********
********** POLYNOMIAL ORDER 2 **********
********** NOISE LEVEL 0.100 **********
==================================================
RK4 Inspired Methods Sparse Identification
dx0'= 1.021 x1 
dx1'= -1.024 x0 + -0.098 x1 
==================================================
Sindy Approach
(x0)' = 1.012 x1
(x1)' = -1.010 x0 + -0.098 x1
==================================================
****************************************************************************************************

****************************************************************************************************
********** TIME STEP 0.100 **********
********** POLYNOMIAL ORDER 5 **********
********** NOISE LEVEL 0.010 **********
==================================================
RK4 Inspired Methods Sparse Identification
dx0'= 0.983 x1 + 0.054 x0^2 x1 + 0.098 x1^3 + -0.076 x0^4 x1 + -0.105 x1^5 
dx1'= -0.995 x0 + -0.098 x1 
==================================================
Sindy Approach
(x0)' = 0.999 x1
(x1)' = -0.998 x0 + -0.100 x1
==================================================
****************************************************************************************************

****************************************************************************************************
********** TIME STEP 0.100 **********
********** POLYNOMIAL ORDER 3 **********
********** NOISE LEVEL 0.010 **********
==================================================
RK4 Inspired Methods Sparse Identification
dx0'= 1.002 x1 
dx1'= -0.999 x0 + -0.101 x1 
==================================================
Sindy Approach
(x0)' = 1.000 x1
(x1)' = -0.998 x0 + -0.101 x1
==================================================
****************************************************************************************************

****************************************************************************************************
********** TIME STEP 0.200 **********
********** POLYNOMIAL ORDER 3 **********
********** NOISE LEVEL 0.010 **********
==================================================
RK4 Inspired Methods Sparse Identification
dx0'= 1.002 x1 
dx1'= -0.999 x0 + -0.099 x1 
==================================================
Sindy Approach
(x0)' = 0.995 x1
(x1)' = -0.993 x0 + -0.098 x1
==================================================
****************************************************************************************************

****************************************************************************************************
********** TIME STEP 0.500 **********
********** POLYNOMIAL ORDER 3 **********
********** NOISE LEVEL 0.010 **********
==================================================
RK4 Inspired Methods Sparse Identification
dx0'= 0.994 x1 
dx1'= -1.002 x0 + -0.102 x1 
==================================================
Sindy Approach
(x0)' = 0.953 x1
(x1)' = -0.949 x0 + -0.086 x1 + -0.067 x0^3 + -0.068 x0^2 x1
==================================================
****************************************************************************************************

****************************************************************************************************
********** TIME STEP 1.000 **********
********** POLYNOMIAL ORDER 3 **********
********** NOISE LEVEL 0.010 **********
==================================================
RK4 Inspired Methods Sparse Identification
dx0'= 1.008 x1 
dx1'= -1.004 x0 + -0.098 x1 
==================================================
Sindy Approach
(x0)' = 0.843 x1 + -0.051 x0^2 + -0.091 x0^3 + 0.143 x0 x1^2
(x1)' = -0.778 x0 + -0.094 x0^2 + -0.311 x0^3 + 0.168 x0 x1^2 + -0.164 x1^3
==================================================
****************************************************************************************************

****************************************************************************************************
********** TIME STEP 0.100 **********
********** POLYNOMIAL ORDER 3 **********
********** NOISE LEVEL 0.050 **********
==================================================
RK4 Inspired Methods Sparse Identification
dx0'= 0.977 x1 + 0.075 x0^3 + 0.168 x0^2 x1 
dx1'= -1.005 x0 + -0.114 x1 + 0.088 x0^2 x1 
==================================================
Sindy Approach
(x0)' = 1.002 x1 + 0.076 x0^3 + 0.108 x0^2 x1 + -0.057 x1^3
(x1)' = -1.003 x0 + -0.112 x1 + 0.078 x0^2 x1
==================================================
****************************************************************************************************

****************************************************************************************************
********** TIME STEP 0.200 **********
********** POLYNOMIAL ORDER 3 **********
********** NOISE LEVEL 0.050 **********
==================================================
RK4 Inspired Methods Sparse Identification
dx0'= 0.997 x1 + 0.054 x0^3 + -0.098 x0^2 x1 
dx1'= -0.979 x0 + -0.120 x1 + -0.063 x0^3 + 0.055 x0^2 x1 
==================================================
Sindy Approach
(x0)' = 1.000 x1 + 0.072 x0^2 + 0.060 x0 x1 + 0.124 x0^3
(x1)' = -1.010 x0 + -0.120 x1 + 0.105 x0^2 x1 + 0.129 x0 x1^2
==================================================
****************************************************************************************************

****************************************************************************************************
********** TIME STEP 0.200 **********
********** POLYNOMIAL ORDER 2 **********
********** NOISE LEVEL 0.050 **********
==================================================
RK4 Inspired Methods Sparse Identification
dx0'= 0.993 x1 
dx1'= -1.005 x0 + -0.097 x1 
==================================================
Sindy Approach
(x0)' = 0.980 x1 + -0.056 x0^2
(x1)' = -0.994 x0 + -0.095 x1
==================================================
****************************************************************************************************

****************************************************************************************************
********** TIME STEP 0.500 **********
********** POLYNOMIAL ORDER 2 **********
********** NOISE LEVEL 0.050 **********
==================================================
RK4 Inspired Methods Sparse Identification
dx0'= 1.017 x1 
dx1'= -0.987 x0 + -0.103 x1 
==================================================
Sindy Approach
(x0)' = 0.966 x1 + -0.073 x0^2 + -0.055 x0 x1
(x1)' = -0.965 x0 + -0.100 x1 + -0.065 x0^2 + -0.070 x0 x1
==================================================
****************************************************************************************************

****************************************************************************************************
********** TIME STEP 1.000 **********
********** POLYNOMIAL ORDER 2 **********
********** NOISE LEVEL 0.050 **********
==================================================
RK4 Inspired Methods Sparse Identification
dx0'= 1.025 x1 
dx1'= -0.992 x0 + -0.105 x1 + -0.074 x0 x1 
==================================================
Sindy Approach
(x0)' = 0.850 x1 + -0.059 x0^2
(x1)' = -0.880 x0 + -0.084 x1 + -0.104 x0^2 + -0.143 x0 x1
==================================================
****************************************************************************************************
