****************************************************************************************************
********** DATA COLLECTED AT TIME STEPPING 0.005 **********


==================================================
RK4 Inspired Methods Sparse Identification
dx0'= -0.100 x0 + 2.000 x1 
dx1'= -2.001 x0 + -0.100 x1 
==================================================
Sindy Approach
(x0)' = -0.100 x0 + 2.000 x1
(x1)' = -2.000 x0 + -0.100 x1
==================================================
****************************************************************************************************
********** DATA COLLECTED AT TIME STEPPING 0.010 **********


==================================================
RK4 Inspired Methods Sparse Identification
dx0'= -0.100 x0 + 2.000 x1 
dx1'= -2.001 x0 + -0.100 x1 
==================================================
Sindy Approach
(x0)' = -0.100 x0 + 2.000 x1
(x1)' = -2.000 x0 + -0.100 x1
==================================================
****************************************************************************************************
********** DATA COLLECTED AT TIME STEPPING 0.050 **********


==================================================
RK4 Inspired Methods Sparse Identification
dx0'= -0.100 x0 + 2.000 x1 
dx1'= -2.001 x0 + -0.100 x1 
==================================================
Sindy Approach
(x0)' = -0.100 x0 + 1.997 x1
(x1)' = -1.997 x0 + -0.100 x1
==================================================
****************************************************************************************************
********** DATA COLLECTED AT TIME STEPPING 0.100 **********


==================================================
RK4 Inspired Methods Sparse Identification
dx0'= -0.100 x0 + 2.001 x1 
dx1'= -2.001 x0 + -0.100 x1 
==================================================
Sindy Approach
(x0)' = -0.099 x0 + 1.987 x1
(x1)' = -1.989 x0 + -0.098 x1
==================================================
****************************************************************************************************
********** DATA COLLECTED AT TIME STEPPING 0.200 **********


==================================================
RK4 Inspired Methods Sparse Identification
dx0'= -0.100 x0 + 2.001 x1 
dx1'= -2.001 x0 + -0.100 x1 
==================================================
Sindy Approach
(x0)' = -0.096 x0 + 1.948 x1
(x1)' = -1.959 x0 + -0.093 x1
==================================================
****************************************************************************************************
********** DATA COLLECTED AT TIME STEPPING 0.300 **********
